00:00:00.002726 main     VirtualBox COM Server 6.1.28 r147628 win.amd64 (Oct 18 2021 18:49:03) release log
00:00:00.002730 main     Log opened 2021-11-29T12:04:47.366333300Z
00:00:00.002731 main     Build Type: release
00:00:00.002735 main     OS Product: Windows 10
00:00:00.002736 main     OS Release: 10.0.19042
00:00:00.002737 main     OS Service Pack: 
00:00:00.022436 main     DMI Product Name: ASUS TUF Gaming F15 FX506LH_FX506LH
00:00:00.033799 main     DMI Product Version: 1.0
00:00:00.033811 main     Firmware type: UEFI
00:00:00.034028 main     Secure Boot: VERR_PRIVILEGE_NOT_HELD
00:00:00.034046 main     Host RAM: 8029MB (7.8GB) total, 4357MB (4.2GB) available
00:00:00.034051 main     Executable: C:\Program Files\Oracle\VirtualBox\VBoxSVC.exe
00:00:00.034051 main     Process ID: 10548
00:00:00.034052 main     Package type: WINDOWS_64BITS_GENERIC
00:00:00.212472          VirtualBox: object creation starts
00:00:00.212654          Home directory: 'C:\Users\User\.VirtualBox'
00:00:00.212740          Installed Drivers:
00:00:00.216715            C:\WINDOWS\system32\DRIVERS\VBoxNetLwf.sys (Version: 6.1.28.47628)
00:00:00.217299            C:\WINDOWS\system32\DRIVERS\VBoxUSBMon.sys (Version: 6.1.28.47628)
00:00:00.217656            C:\WINDOWS\system32\DRIVERS\VBoxDrv.sys (Version: 6.1.28.47628)
00:00:00.218252            C:\WINDOWS\system32\DRIVERS\VBoxNetAdp6.sys (Version: 6.1.28.47628)
00:00:00.224568          Loading settings file "C:\Users\User\.VirtualBox\VirtualBox.xml" with version "1.12-windows"
00:00:00.226932          usbLibGetDevices: Starting USB device enumeration
00:00:00.228726          Getting USB descriptor (id 0) failed (dwErr=31) on hub USB#ROOT_HUB30#4&77e38e6&0&0#{f18a0e88-c30c-11d0-8815-00a0c906bed8} port 7
00:00:00.228770          Getting USB descriptor (id 0) failed (dwErr=31) on hub USB#ROOT_HUB30#4&77e38e6&0&0#{f18a0e88-c30c-11d0-8815-00a0c906bed8} port 14
00:00:00.230636          usbLibGetDevices: Found 3 USB devices, 0 captured
00:00:00.230690          USB: Unknown USB device detected (idVendor: 0x13d3, idProduct: 0x56a2)
00:00:00.230721          USB: Unknown USB device detected (idVendor: 0x2188, idProduct: 0x0ae1)
00:00:00.230736          USB: Unknown USB device detected (idVendor: 0x8087, idProduct: 0x0026)
00:00:00.328482          HostDnsMonitor: initializing
00:00:00.335606          HostDnsMonitor: updating information
00:00:00.335673          HostDnsMonitor: old information
00:00:00.335674            no server entries
00:00:00.335675            no domain set
00:00:00.335676            no search string entries
00:00:00.335676          HostDnsMonitor: new information
00:00:00.335677            server 1: 192.168.1.1
00:00:00.335678            no domain set
00:00:00.335678            no search string entries
00:00:00.394855          VD: VDInit finished with VINF_SUCCESS
00:00:00.403119          Loading settings file "C:\Users\User\VirtualBox VMs\KELOMPOK 10\KELOMPOK 10.vbox" with version "1.15-windows"
00:00:00.403862          VirtualBox: object created
00:00:45.706176          Launched VM: 38648400 pid: 13236 (0x33b4) frontend: GUI/Qt name: KELOMPOK 10
00:00:49.921256          ERROR [COM]: aRC=VBOX_E_OBJECT_NOT_FOUND (0x80bb0001) aIID={70401eef-c8e9-466b-9660-45cb3e9979e4} aComponent={ExtPackManagerWrap} aText={No extension pack by the name 'Oracle VM VirtualBox Extension Pack' was found}, preserve=false aResultDetail=0
00:00:50.179374          ERROR [COM]: aRC=VBOX_E_IPRT_ERROR (0x80bb0005) aIID={85632c68-b5bb-4316-a900-5eb28d3413df} aComponent={SessionMachine} aText={Saved screenshot data is not available (VERR_NOT_SUPPORTED)}, preserve=false aResultDetail=-37
00:01:36.775700          Saving settings file "C:\Users\User\VirtualBox VMs\KELOMPOK 10\KELOMPOK 10.vbox" with version "1.15-windows"
00:01:36.812472          Saving settings file "C:\Users\User\VirtualBox VMs\KELOMPOK 10\KELOMPOK 10.vbox" with version "1.15-windows"
00:01:38.797897          Launched VM: 63538144 pid: 2864 (0xb30) frontend: GUI/Qt name: KELOMPOK 10
00:01:43.271777          ERROR [COM]: aRC=VBOX_E_OBJECT_NOT_FOUND (0x80bb0001) aIID={70401eef-c8e9-466b-9660-45cb3e9979e4} aComponent={ExtPackManagerWrap} aText={No extension pack by the name 'Oracle VM VirtualBox Extension Pack' was found}, preserve=false aResultDetail=0
00:01:43.560636          ERROR [COM]: aRC=VBOX_E_IPRT_ERROR (0x80bb0005) aIID={85632c68-b5bb-4316-a900-5eb28d3413df} aComponent={SessionMachine} aText={Saved screenshot data is not available (VERR_NOT_SUPPORTED)}, preserve=false aResultDetail=-37
00:03:14.696509 USBPROXY usbLibGetDevices: Starting USB device enumeration
00:03:14.698025 USBPROXY Getting USB descriptor (id 0) failed (dwErr=31) on hub USB#ROOT_HUB30#4&77e38e6&0&0#{f18a0e88-c30c-11d0-8815-00a0c906bed8} port 7
00:03:14.698099 USBPROXY Getting USB descriptor (id 0) failed (dwErr=31) on hub USB#ROOT_HUB30#4&77e38e6&0&0#{f18a0e88-c30c-11d0-8815-00a0c906bed8} port 14
00:03:14.698298 USBPROXY usbLibGetDevices: Found 3 USB devices, 0 captured
00:07:29.591288 USBPROXY usbLibGetDevices: Starting USB device enumeration
00:07:29.596274 USBPROXY Getting USB descriptor (id 0) failed (dwErr=31) on hub USB#ROOT_HUB30#4&77e38e6&0&0#{f18a0e88-c30c-11d0-8815-00a0c906bed8} port 14
00:07:29.596557 USBPROXY usbLibGetDevices: Found 3 USB devices, 0 captured
00:08:19.253033          Saving settings file "C:\Users\User\VirtualBox VMs\KELOMPOK 10\KELOMPOK 10.vbox" with version "1.15-windows"
00:08:22.281850          Saving settings file "C:\Users\User\VirtualBox VMs\KELOMPOK 10\KELOMPOK 10.vbox" with version "1.15-windows"
00:08:56.685194          Saving settings file "C:\Users\User\VirtualBox VMs\KELOMPOK 10\KELOMPOK 10.vbox" with version "1.15-windows"
00:17:11.158851 USBPROXY usbLibGetDevices: Starting USB device enumeration
00:17:11.163437 USBPROXY usbLibGetDevices: Found 2 USB devices, 0 captured
00:17:19.430172 USBPROXY usbLibGetDevices: Starting USB device enumeration
00:17:19.433785 USBPROXY Getting USB descriptor (id 0) failed (dwErr=31) on hub USB#ROOT_HUB30#4&77e38e6&0&0#{f18a0e88-c30c-11d0-8815-00a0c906bed8} port 14
00:17:19.433943 USBPROXY usbLibGetDevices: Found 3 USB devices, 0 captured
00:17:28.111700 USBPROXY usbLibGetDevices: Starting USB device enumeration
00:17:28.112546 USBPROXY Getting USB descriptor (id 0) failed (dwErr=31) on hub USB#ROOT_HUB30#4&77e38e6&0&0#{f18a0e88-c30c-11d0-8815-00a0c906bed8} port 7
00:17:28.112640 USBPROXY Getting USB descriptor (id 0) failed (dwErr=31) on hub USB#ROOT_HUB30#4&77e38e6&0&0#{f18a0e88-c30c-11d0-8815-00a0c906bed8} port 14
00:17:28.112840 USBPROXY usbLibGetDevices: Found 3 USB devices, 0 captured
00:17:28.112880 USBPROXY USB: Unknown USB device detected (idVendor: 0x13d3, idProduct: 0x56a2)
00:18:25.381354 USBPROXY usbLibGetDevices: Starting USB device enumeration
00:18:25.382428 USBPROXY Getting USB descriptor (id 0) failed (dwErr=31) on hub USB#ROOT_HUB30#4&77e38e6&0&0#{f18a0e88-c30c-11d0-8815-00a0c906bed8} port 7
00:18:25.382496 USBPROXY Getting USB descriptor (id 0) failed (dwErr=31) on hub USB#ROOT_HUB30#4&77e38e6&0&0#{f18a0e88-c30c-11d0-8815-00a0c906bed8} port 14
00:18:25.382649 USBPROXY usbLibGetDevices: Found 3 USB devices, 0 captured
00:18:29.898672          Saving settings file "C:\Users\User\.VirtualBox\VirtualBox.xml" with version "1.12-windows"
00:18:29.902468          Saving settings file "C:\Users\User\.VirtualBox\VirtualBox.xml" with version "1.12-windows"
00:18:32.408783          Saving settings file "C:\Users\User\.VirtualBox\VirtualBox.xml" with version "1.12-windows"
00:18:32.413284          Saving settings file "C:\Users\User\.VirtualBox\VirtualBox.xml" with version "1.12-windows"
00:18:37.940621 main     VirtualBox: object deletion starts
00:18:37.953936 main     HostDnsMonitor: shutting down ...
00:18:37.954115 main     HostDnsMonitor: shut down
00:18:37.956090 Watcher  ERROR [COM]: aRC=E_ACCESSDENIED (0x80070005) aIID={d0a0163f-e254-4e5b-a1f2-011cf991c38d} aComponent={VirtualBoxWrap} aText={The object is not ready}, preserve=false aResultDetail=0
00:18:37.956725 main     VirtualBox: object deleted
